
> liquality-atomic-swap@0.1.7 start /Users/monokh/Code/liquality-swap
> npm-run-all -p watch-css start-js


> liquality-atomic-swap@0.1.7 start-js /Users/monokh/Code/liquality-swap
> HTTPS=true react-scripts start


> liquality-atomic-swap@0.1.7 watch-css /Users/monokh/Code/liquality-swap
> npm run build-css && node-sass-chokidar src/ -o src/ --watch --recursive


> liquality-atomic-swap@0.1.7 build-css /Users/monokh/Code/liquality-swap
> node-sass-chokidar src/ -o src/

/Users/monokh/Code/liquality-swap/node_modules/node-sass/lib/binding.js:15
      throw new Error(errors.missingBinary());
      ^

Error: Missing binding /Users/monokh/Code/liquality-swap/node_modules/node-sass/vendor/darwin-x64-72/binding.node
Node Sass could not find a binding for your current environment: OS X 64-bit with Node.js 12.x

Found bindings for the following environments:
  - OS X 64-bit with Node.js 8.x

This usually happens because your environment has changed since running `npm install`.
Run `npm rebuild node-sass` to download the binding for your current environment.
    at module.exports (/Users/monokh/Code/liquality-swap/node_modules/node-sass/lib/binding.js:15:13)
    at Object.<anonymous> (/Users/monokh/Code/liquality-swap/node_modules/node-sass/lib/index.js:14:35)
    at Module._compile (internal/modules/cjs/loader.js:956:30)
    at Object.Module._extensions..js (internal/modules/cjs/loader.js:973:10)
    at Module.load (internal/modules/cjs/loader.js:812:32)
    at Function.Module._load (internal/modules/cjs/loader.js:724:14)
    at Module.require (internal/modules/cjs/loader.js:849:19)
    at require (internal/modules/cjs/helpers.js:74:18)
    at Object.<anonymous> (/Users/monokh/Code/liquality-swap/node_modules/node-sass-chokidar/bin/node-sass-chokidar:18:9)
    at Module._compile (internal/modules/cjs/loader.js:956:30)
npm ERR! code ELIFECYCLE
npm ERR! errno 1
npm ERR! liquality-atomic-swap@0.1.7 build-css: `node-sass-chokidar src/ -o src/`
npm ERR! Exit status 1
npm ERR! 
npm ERR! Failed at the liquality-atomic-swap@0.1.7 build-css script.
npm ERR! This is probably not a problem with npm. There is likely additional logging output above.

npm ERR! A complete log of this run can be found in:
npm ERR!     /Users/monokh/.npm/_logs/2019-11-07T15_31_21_372Z-debug.log
npm ERR! code ELIFECYCLE
npm ERR! errno 1
npm ERR! liquality-atomic-swap@0.1.7 watch-css: `npm run build-css && node-sass-chokidar src/ -o src/ --watch --recursive`
npm ERR! Exit status 1
npm ERR! 
npm ERR! Failed at the liquality-atomic-swap@0.1.7 watch-css script.
npm ERR! This is probably not a problem with npm. There is likely additional logging output above.

npm ERR! A complete log of this run can be found in:
npm ERR!     /Users/monokh/.npm/_logs/2019-11-07T15_31_21_392Z-debug.log
ERROR: "watch-css" exited with 1.
npm ERR! code ELIFECYCLE
npm ERR! errno 1
npm ERR! liquality-atomic-swap@0.1.7 start: `npm-run-all -p watch-css start-js`
npm ERR! Exit status 1
npm ERR! 
npm ERR! Failed at the liquality-atomic-swap@0.1.7 start script.
npm ERR! This is probably not a problem with npm. There is likely additional logging output above.

npm ERR! A complete log of this run can be found in:
npm ERR!     /Users/monokh/.npm/_logs/2019-11-07T15_31_21_454Z-debug.log

> liquality-atomic-swap@0.1.7 start /Users/monokh/Code/liquality-swap
> npm-run-all -p watch-css start-js


> liquality-atomic-swap@0.1.7 start-js /Users/monokh/Code/liquality-swap
> HTTPS=true react-scripts start


> liquality-atomic-swap@0.1.7 watch-css /Users/monokh/Code/liquality-swap
> npm run build-css && node-sass-chokidar src/ -o src/ --watch --recursive


> liquality-atomic-swap@0.1.7 build-css /Users/monokh/Code/liquality-swap
> node-sass-chokidar src/ -o src/

/Users/monokh/Code/liquality-swap/node_modules/node-sass/lib/binding.js:15
      throw new Error(errors.missingBinary());
      ^

Error: Missing binding /Users/monokh/Code/liquality-swap/node_modules/node-sass/vendor/darwin-x64-72/binding.node
Node Sass could not find a binding for your current environment: OS X 64-bit with Node.js 12.x

Found bindings for the following environments:
  - OS X 64-bit with Node.js 8.x

This usually happens because your environment has changed since running `npm install`.
Run `npm rebuild node-sass` to download the binding for your current environment.
    at module.exports (/Users/monokh/Code/liquality-swap/node_modules/node-sass/lib/binding.js:15:13)
    at Object.<anonymous> (/Users/monokh/Code/liquality-swap/node_modules/node-sass/lib/index.js:14:35)
    at Module._compile (internal/modules/cjs/loader.js:956:30)
    at Object.Module._extensions..js (internal/modules/cjs/loader.js:973:10)
    at Module.load (internal/modules/cjs/loader.js:812:32)
    at Function.Module._load (internal/modules/cjs/loader.js:724:14)
    at Module.require (internal/modules/cjs/loader.js:849:19)
    at require (internal/modules/cjs/helpers.js:74:18)
    at Object.<anonymous> (/Users/monokh/Code/liquality-swap/node_modules/node-sass-chokidar/bin/node-sass-chokidar:18:9)
    at Module._compile (internal/modules/cjs/loader.js:956:30)
npm ERR! code ELIFECYCLE
npm ERR! errno 1
npm ERR! liquality-atomic-swap@0.1.7 build-css: `node-sass-chokidar src/ -o src/`
npm ERR! Exit status 1
npm ERR! 
npm ERR! Failed at the liquality-atomic-swap@0.1.7 build-css script.
npm ERR! This is probably not a problem with npm. There is likely additional logging output above.

npm ERR! A complete log of this run can be found in:
npm ERR!     /Users/monokh/.npm/_logs/2019-11-07T15_32_02_469Z-debug.log
npm ERR! code ELIFECYCLE
npm ERR! errno 1
npm ERR! liquality-atomic-swap@0.1.7 watch-css: `npm run build-css && node-sass-chokidar src/ -o src/ --watch --recursive`
npm ERR! Exit status 1
npm ERR! 
npm ERR! Failed at the liquality-atomic-swap@0.1.7 watch-css script.
npm ERR! This is probably not a problem with npm. There is likely additional logging output above.

npm ERR! A complete log of this run can be found in:
npm ERR!     /Users/monokh/.npm/_logs/2019-11-07T15_32_02_487Z-debug.log
ERROR: "watch-css" exited with 1.
npm ERR! code ELIFECYCLE
npm ERR! errno 1
npm ERR! liquality-atomic-swap@0.1.7 start: `npm-run-all -p watch-css start-js`
npm ERR! Exit status 1
npm ERR! 
npm ERR! Failed at the liquality-atomic-swap@0.1.7 start script.
npm ERR! This is probably not a problem with npm. There is likely additional logging output above.

npm ERR! A complete log of this run can be found in:
npm ERR!     /Users/monokh/.npm/_logs/2019-11-07T15_32_02_557Z-debug.log
