
> liquality-atomic-swap@0.1.7 start /Users/monokh/Code/liquality-swap
> npm-run-all -p watch-css start-js


> liquality-atomic-swap@0.1.7 start-js /Users/monokh/Code/liquality-swap
> HTTPS=true react-scripts start


> liquality-atomic-swap@0.1.7 watch-css /Users/monokh/Code/liquality-swap
> npm run build-css && node-sass-chokidar src/ -o src/ --watch --recursive


> liquality-atomic-swap@0.1.7 build-css /Users/monokh/Code/liquality-swap
> node-sass-chokidar src/ -o src/

Rendering Complete, saving .css file...
Wrote CSS to /Users/monokh/Code/liquality-swap/src/App.css
Rendering Complete, saving .css file...
Wrote CSS to /Users/monokh/Code/liquality-swap/src/components/AddressInput/AddressInput.css
Rendering Complete, saving .css file...
Wrote CSS to /Users/monokh/Code/liquality-swap/src/components/AssetSelector/AssetSelector.css
Rendering Complete, saving .css file...
Wrote CSS to /Users/monokh/Code/liquality-swap/src/components/BackupLinkCard/BackupLinkCard.css
Rendering Complete, saving .css file...
Wrote CSS to /Users/monokh/Code/liquality-swap/src/components/BrandCard/BrandCard.css
Rendering Complete, saving .css file...
Wrote CSS to /Users/monokh/Code/liquality-swap/src/components/Button/Button.css
Rendering Complete, saving .css file...
Wrote CSS to /Users/monokh/Code/liquality-swap/src/components/CounterPartyLinkCard/CounterPartyLinkCard.css
Rendering Complete, saving .css file...
Wrote CSS to /Users/monokh/Code/liquality-swap/src/components/CurrencyInput/CurrencyInput.css
Rendering Complete, saving .css file...
Wrote CSS to /Users/monokh/Code/liquality-swap/src/components/ErrorModal/ErrorModal.css
Rendering Complete, saving .css file...
Wrote CSS to /Users/monokh/Code/liquality-swap/src/components/ExpirationDetails/ExpirationDetails.css
Rendering Complete, saving .css file...
Wrote CSS to /Users/monokh/Code/liquality-swap/src/components/HexaDisplay/HexaDisplay.css
Rendering Complete, saving .css file...
Wrote CSS to /Users/monokh/Code/liquality-swap/src/components/Rate/Rate.css
Rendering Complete, saving .css file...
Wrote CSS to /Users/monokh/Code/liquality-swap/src/components/SwapPairPanel/SwapPairPanel.css
Rendering Complete, saving .css file...
Wrote CSS to /Users/monokh/Code/liquality-swap/src/components/SwapProgressStepper/SwapProgressStepper.css
Rendering Complete, saving .css file...
Wrote CSS to /Users/monokh/Code/liquality-swap/src/components/WalletChoose/WalletChoose.css
Rendering Complete, saving .css file...
Wrote CSS to /Users/monokh/Code/liquality-swap/src/components/WalletConnect/WalletConnect.css
Rendering Complete, saving .css file...
Wrote CSS to /Users/monokh/Code/liquality-swap/src/components/WalletConnected/WalletConnected.css
Rendering Complete, saving .css file...
Wrote CSS to /Users/monokh/Code/liquality-swap/src/components/WalletConnecting/WalletConnecting.css
Rendering Complete, saving .css file...
Wrote CSS to /Users/monokh/Code/liquality-swap/src/components/WalletConnectPopup/WalletConnectPopup.css
Rendering Complete, saving .css file...
Wrote CSS to /Users/monokh/Code/liquality-swap/src/components/WalletDisplay/WalletDisplay.css
Rendering Complete, saving .css file...
Wrote CSS to /Users/monokh/Code/liquality-swap/src/containers/AssetSelection/AssetSelection.css
Rendering Complete, saving .css file...
Wrote CSS to /Users/monokh/Code/liquality-swap/src/containers/CounterPartySelection/CounterPartySelection.css
Rendering Complete, saving .css file...
Wrote CSS to /Users/monokh/Code/liquality-swap/src/containers/CounterPartyWallets/CounterPartyWallets.css
Rendering Complete, saving .css file...
Wrote CSS to /Users/monokh/Code/liquality-swap/src/containers/CurrencyInputs/CurrencyInputs.css
Rendering Complete, saving .css file...
Wrote CSS to /Users/monokh/Code/liquality-swap/src/containers/InitiatorExpirationInfo/InitiatorExpirationInfo.css
Rendering Complete, saving .css file...
Wrote CSS to /Users/monokh/Code/liquality-swap/src/containers/LiqualitySwap/LiqualitySwap.css
Rendering Complete, saving .css file...
Wrote CSS to /Users/monokh/Code/liquality-swap/src/containers/SwapCompleted/SwapCompleted.css
Rendering Complete, saving .css file...
Wrote CSS to /Users/monokh/Code/liquality-swap/src/containers/SwapInitiation/SwapInitiation.css
Rendering Complete, saving .css file...
Wrote CSS to /Users/monokh/Code/liquality-swap/src/containers/SwapOfferConfirmation/SwapOfferConfirmation.css
Rendering Complete, saving .css file...
Wrote CSS to /Users/monokh/Code/liquality-swap/src/containers/SwapRedemption/SwapRedemption.css
Rendering Complete, saving .css file...
Wrote CSS to /Users/monokh/Code/liquality-swap/src/containers/SwapRefund/SwapRefund.css
Rendering Complete, saving .css file...
Wrote CSS to /Users/monokh/Code/liquality-swap/src/containers/SwapRefunded/SwapRefunded.css
Rendering Complete, saving .css file...
Wrote CSS to /Users/monokh/Code/liquality-swap/src/containers/Waiting/Waiting.css
Rendering Complete, saving .css file...
Wrote CSS to /Users/monokh/Code/liquality-swap/src/containers/WalletPanel/WalletPanel.css
Rendering Complete, saving .css file...
Wrote CSS to /Users/monokh/Code/liquality-swap/src/index.css
Rendering Complete, saving .css file...
Wrote CSS to /Users/monokh/Code/liquality-swap/src/scss/mixins.css
Rendering Complete, saving .css file...
Wrote CSS to /Users/monokh/Code/liquality-swap/src/scss/variables.css
Wrote 37 CSS files to /Users/monokh/Code/liquality-swap/src/
Starting the development server...

=> changed: /Users/monokh/Code/liquality-swap/src/App.scss
=> changed: /Users/monokh/Code/liquality-swap/src/components/AddressInput/AddressInput.scss
=> changed: /Users/monokh/Code/liquality-swap/src/scss/variables.scss
=> changed: /Users/monokh/Code/liquality-swap/src/scss/mixins.scss
=> changed: /Users/monokh/Code/liquality-swap/src/components/AssetSelector/AssetSelector.scss
=> changed: /Users/monokh/Code/liquality-swap/src/components/BackupLinkCard/BackupLinkCard.scss
=> changed: /Users/monokh/Code/liquality-swap/src/components/BrandCard/BrandCard.scss
=> changed: /Users/monokh/Code/liquality-swap/src/components/Button/Button.scss
=> changed: /Users/monokh/Code/liquality-swap/src/components/CounterPartyLinkCard/CounterPartyLinkCard.scss
=> changed: /Users/monokh/Code/liquality-swap/src/components/CurrencyInput/CurrencyInput.scss
=> changed: /Users/monokh/Code/liquality-swap/src/components/ErrorModal/ErrorModal.scss
=> changed: /Users/monokh/Code/liquality-swap/src/components/ExpirationDetails/ExpirationDetails.scss
=> changed: /Users/monokh/Code/liquality-swap/src/components/HexaDisplay/HexaDisplay.scss
=> changed: /Users/monokh/Code/liquality-swap/src/components/Rate/Rate.scss
=> changed: /Users/monokh/Code/liquality-swap/src/components/SwapPairPanel/SwapPairPanel.scss
=> changed: /Users/monokh/Code/liquality-swap/src/components/SwapProgressStepper/SwapProgressStepper.scss
=> changed: /Users/monokh/Code/liquality-swap/src/components/WalletChoose/WalletChoose.scss
=> changed: /Users/monokh/Code/liquality-swap/src/components/WalletConnect/WalletConnect.scss
=> changed: /Users/monokh/Code/liquality-swap/src/components/WalletConnected/WalletConnected.scss
=> changed: /Users/monokh/Code/liquality-swap/src/components/WalletConnecting/WalletConnecting.scss
=> changed: /Users/monokh/Code/liquality-swap/src/components/WalletConnectPopup/WalletConnectPopup.scss
=> changed: /Users/monokh/Code/liquality-swap/src/components/WalletDisplay/WalletDisplay.scss
=> changed: /Users/monokh/Code/liquality-swap/src/containers/AssetSelection/AssetSelection.scss
=> changed: /Users/monokh/Code/liquality-swap/src/containers/CounterPartySelection/CounterPartySelection.scss
=> changed: /Users/monokh/Code/liquality-swap/src/containers/CounterPartyWallets/CounterPartyWallets.scss
=> changed: /Users/monokh/Code/liquality-swap/src/containers/CurrencyInputs/CurrencyInputs.scss
=> changed: /Users/monokh/Code/liquality-swap/src/containers/InitiatorExpirationInfo/InitiatorExpirationInfo.scss
=> changed: /Users/monokh/Code/liquality-swap/src/containers/LiqualitySwap/LiqualitySwap.scss
=> changed: /Users/monokh/Code/liquality-swap/src/containers/SwapCompleted/SwapCompleted.scss
=> changed: /Users/monokh/Code/liquality-swap/src/containers/SwapInitiation/SwapInitiation.scss
=> changed: /Users/monokh/Code/liquality-swap/src/containers/SwapOfferConfirmation/SwapOfferConfirmation.scss
=> changed: /Users/monokh/Code/liquality-swap/src/containers/SwapRedemption/SwapRedemption.scss
=> changed: /Users/monokh/Code/liquality-swap/src/containers/SwapRefund/SwapRefund.scss
=> changed: /Users/monokh/Code/liquality-swap/src/containers/SwapRefunded/SwapRefunded.scss
=> changed: /Users/monokh/Code/liquality-swap/src/containers/Waiting/Waiting.scss
=> changed: /Users/monokh/Code/liquality-swap/src/containers/WalletPanel/WalletPanel.scss
=> changed: /Users/monokh/Code/liquality-swap/src/index.scss
Rendering Complete, saving .css file...
Rendering Complete, saving .css file...
Rendering Complete, saving .css file...
Rendering Complete, saving .css file...
Rendering Complete, saving .css file...
Rendering Complete, saving .css file...
Rendering Complete, saving .css file...
Rendering Complete, saving .css file...
Rendering Complete, saving .css file...
Rendering Complete, saving .css file...
Rendering Complete, saving .css file...
Rendering Complete, saving .css file...
Rendering Complete, saving .css file...
Rendering Complete, saving .css file...
Rendering Complete, saving .css file...
Rendering Complete, saving .css file...
Rendering Complete, saving .css file...
Rendering Complete, saving .css file...
Rendering Complete, saving .css file...
Rendering Complete, saving .css file...
Rendering Complete, saving .css file...
Rendering Complete, saving .css file...
Rendering Complete, saving .css file...
Rendering Complete, saving .css file...
Rendering Complete, saving .css file...
Rendering Complete, saving .css file...
Rendering Complete, saving .css file...
Rendering Complete, saving .css file...
Rendering Complete, saving .css file...
Rendering Complete, saving .css file...
Rendering Complete, saving .css file...
Rendering Complete, saving .css file...
Rendering Complete, saving .css file...
Rendering Complete, saving .css file...
Rendering Complete, saving .css file...
Rendering Complete, saving .css file...
Wrote CSS to /Users/monokh/Code/liquality-swap/src/App.css
Wrote CSS to /Users/monokh/Code/liquality-swap/src/scss/variables.css
Wrote CSS to /Users/monokh/Code/liquality-swap/src/scss/mixins.css
Wrote CSS to /Users/monokh/Code/liquality-swap/src/components/BackupLinkCard/BackupLinkCard.css
Wrote CSS to /Users/monokh/Code/liquality-swap/src/components/AssetSelector/AssetSelector.css
Wrote CSS to /Users/monokh/Code/liquality-swap/src/components/CounterPartyLinkCard/CounterPartyLinkCard.css
Wrote CSS to /Users/monokh/Code/liquality-swap/src/components/AddressInput/AddressInput.css
Wrote CSS to /Users/monokh/Code/liquality-swap/src/components/HexaDisplay/HexaDisplay.css
Wrote CSS to /Users/monokh/Code/liquality-swap/src/components/ErrorModal/ErrorModal.css
Wrote CSS to /Users/monokh/Code/liquality-swap/src/components/CurrencyInput/CurrencyInput.css
Wrote CSS to /Users/monokh/Code/liquality-swap/src/components/ExpirationDetails/ExpirationDetails.css
Wrote CSS to /Users/monokh/Code/liquality-swap/src/components/WalletChoose/WalletChoose.css
Wrote CSS to /Users/monokh/Code/liquality-swap/src/components/Rate/Rate.css
Wrote CSS to /Users/monokh/Code/liquality-swap/src/components/Button/Button.css
Wrote CSS to /Users/monokh/Code/liquality-swap/src/components/WalletConnect/WalletConnect.css
Wrote CSS to /Users/monokh/Code/liquality-swap/src/components/SwapPairPanel/SwapPairPanel.css
Wrote CSS to /Users/monokh/Code/liquality-swap/src/components/WalletConnectPopup/WalletConnectPopup.css
Wrote CSS to /Users/monokh/Code/liquality-swap/src/components/WalletConnecting/WalletConnecting.css
Wrote CSS to /Users/monokh/Code/liquality-swap/src/containers/AssetSelection/AssetSelection.css
Wrote CSS to /Users/monokh/Code/liquality-swap/src/containers/CounterPartySelection/CounterPartySelection.css
Wrote CSS to /Users/monokh/Code/liquality-swap/src/containers/CurrencyInputs/CurrencyInputs.css
Wrote CSS to /Users/monokh/Code/liquality-swap/src/components/WalletDisplay/WalletDisplay.css
Wrote CSS to /Users/monokh/Code/liquality-swap/src/containers/LiqualitySwap/LiqualitySwap.css
Wrote CSS to /Users/monokh/Code/liquality-swap/src/containers/SwapCompleted/SwapCompleted.css
Wrote CSS to /Users/monokh/Code/liquality-swap/src/containers/InitiatorExpirationInfo/InitiatorExpirationInfo.css
Wrote CSS to /Users/monokh/Code/liquality-swap/src/containers/SwapOfferConfirmation/SwapOfferConfirmation.css
Wrote CSS to /Users/monokh/Code/liquality-swap/src/containers/SwapRefund/SwapRefund.css
Wrote CSS to /Users/monokh/Code/liquality-swap/src/containers/SwapInitiation/SwapInitiation.css
Wrote CSS to /Users/monokh/Code/liquality-swap/src/containers/SwapRedemption/SwapRedemption.css
Wrote CSS to /Users/monokh/Code/liquality-swap/src/components/WalletConnected/WalletConnected.css
Wrote CSS to /Users/monokh/Code/liquality-swap/src/containers/SwapRefunded/SwapRefunded.css
Wrote CSS to /Users/monokh/Code/liquality-swap/src/components/BrandCard/BrandCard.css
Wrote CSS to /Users/monokh/Code/liquality-swap/src/containers/CounterPartyWallets/CounterPartyWallets.css
Wrote CSS to /Users/monokh/Code/liquality-swap/src/components/SwapProgressStepper/SwapProgressStepper.css
Wrote CSS to /Users/monokh/Code/liquality-swap/src/containers/Waiting/Waiting.css
Wrote CSS to /Users/monokh/Code/liquality-swap/src/containers/WalletPanel/WalletPanel.css
Rendering Complete, saving .css file...
Wrote CSS to /Users/monokh/Code/liquality-swap/src/index.css
Browserslist: caniuse-lite is outdated. Please run next command `npm update`
Compiled successfully!

You can now view liquality-atomic-swap in the browser.

  Local:            https://localhost:3000/
  On Your Network:  https://192.168.0.34:3000/

Note that the development build is not optimized.
To create a production build, use npm run build.

Compiling...
Compiled successfully!
Compiling...
Compiled successfully!
Compiling...
Compiled successfully!
The build failed because the process exited too early. This probably means the system ran out of memory or someone called `kill -9` on the process.
npm ERR! code ELIFECYCLE
npm ERR! errno 1
npm ERR! liquality-atomic-swap@0.1.7 start-js: `HTTPS=true react-scripts start`
npm ERR! Exit status 1
npm ERR! 
npm ERR! Failed at the liquality-atomic-swap@0.1.7 start-js script.
npm ERR! This is probably not a problem with npm. There is likely additional logging output above.

npm ERR! A complete log of this run can be found in:
npm ERR!     /Users/monokh/.npm/_logs/2019-11-08T14_53_14_261Z-debug.log
ERROR: "start-js" exited with 1.
npm ERR! code ELIFECYCLE
npm ERR! errno 1
npm ERR! liquality-atomic-swap@0.1.7 start: `npm-run-all -p watch-css start-js`
npm ERR! Exit status 1
npm ERR! 
npm ERR! Failed at the liquality-atomic-swap@0.1.7 start script.
npm ERR! This is probably not a problem with npm. There is likely additional logging output above.

npm ERR! A complete log of this run can be found in:
npm ERR!     /Users/monokh/.npm/_logs/2019-11-08T14_53_14_400Z-debug.log
